2024-05-07T02:12:15.305Z - POST /invitation/accept?token=eyJhbGciOiJIUzI1NiIsInR5cCI6IkpXVCJ9.eyJ1c2VySWQiOiI2NjMwM2JmMWIxMGNlZWRkMTlkOTcyZWIiLCJlbWFpbCI6IndhZWwuYm91ZzIzQGdtYWlsLmNvbSIsInByb2plY3RJZCI6IjY2Mzk4ZGVmZTRhNmEwYmNhMDliZDQ5NyIsImludml0YXRpb25JZCI6IjY2Mzk4ZGYwZTRhNmEwYmNhMDliZDQ5ZCIsImlhdCI6MTcxNTA0NzkyMCwiZXhwIjoxNzE1MzA3MTIwfQ.3qrbHlOKXjVuigXf0G29U-NWsqNxEPzJ-Yz7kCMVKFk
2024-05-07T02:12:33.278Z - POST /user/search-user-email
2024-05-07T02:12:33.282Z - GET /module/getModules
2024-05-07T02:12:33.274Z - GET /club/getClubs
2024-05-07T02:12:33.286Z - GET /event/getEvents
2024-05-07T02:12:33.290Z - GET /project/get-all-projects
2024-05-07T02:12:35.332Z - GET /idea/get-ideas/66398defe4a6a0bca09bd497
2024-05-07T02:12:51.573Z - POST /idea/post-idea
2024-05-07T02:12:56.240Z - POST /idea/post-idea
2024-05-07T02:13:09.126Z - POST /idea/post-idea
2024-05-07T02:13:09.709Z - DELETE /project/66398defe4a6a0bca09bd497/ideas
2024-05-08T23:08:49.236Z - GET /admin/logs
2024-05-09T07:33:29.413Z - POST /auth/login
2024-05-09T07:33:34.809Z - POST /auth/login
2024-05-09T07:33:43.288Z - POST /auth/login
2024-05-09T07:33:50.208Z - POST /auth/login
2024-05-09T07:33:50.734Z - GET /admin/stats
2024-05-09T07:34:28.183Z - GET /admin/logs
2024-05-09T07:40:24.915Z - GET /admin/logs
2024-05-09T07:41:07.854Z - GET /admin/logs
2024-05-09T07:41:11.739Z - GET /admin/logs
2024-05-09T07:41:25.309Z - GET /admin/stats
2024-05-09T07:41:27.045Z - GET /admin/logs
2024-05-09T07:42:01.861Z - GET /admin/stats
2024-05-09T07:42:03.540Z - GET /admin/logs
2024-05-09T07:42:25.930Z - GET /admin/logs
2024-05-09T07:43:23.897Z - GET /admin/logs
2024-05-09T07:43:41.925Z - GET /admin/logs
2024-05-09T07:46:01.802Z - GET /admin/logs
2024-05-09T07:46:11.936Z - GET /admin/logs
2024-05-09T07:48:00.921Z - GET /admin/logs
2024-05-09T07:48:03.322Z - GET /admin/stats
2024-05-09T07:48:04.944Z - GET /admin/logs
2024-05-09T07:48:53.956Z - GET /admin/logs
2024-05-09T07:49:42.940Z - GET /admin/logs
2024-05-09T07:49:51.913Z - GET /admin/logs
2024-05-09T07:53:47.994Z - GET /admin/logs
2024-05-09T07:54:36.899Z - GET /admin/logs
2024-05-09T07:55:08.901Z - GET /admin/logs
2024-05-09T07:55:37.940Z - GET /admin/logs
2024-05-09T07:55:48.923Z - GET /admin/logs
2024-05-09T07:56:36.900Z - GET /admin/logs
2024-05-09T07:57:21.923Z - GET /admin/logs
2024-05-09T08:00:26.914Z - GET /admin/logs
2024-05-09T08:00:53.141Z - GET /admin/logs
2024-05-09T08:01:06.908Z - GET /admin/logs
2024-05-09T08:02:40.902Z - GET /admin/logs
2024-05-09T08:02:56.923Z - GET /admin/logs
2024-05-09T08:03:48.954Z - GET /admin/users
2024-05-09T08:04:05.616Z - GET /admin/tags?type=module
2024-05-09T08:04:10.341Z - GET /admin/stats
2024-05-09T08:04:22.010Z - GET /admin/tags?type=module
2024-05-09T08:04:34.200Z - GET /admin/tags?type=club
2024-05-09T08:04:40.418Z - GET /admin/stats
